2025-11-07 17:54:42,461 INFO o.a.j.u.JMeterUtils: Setting Locale to en_EN
2025-11-07 17:54:42,477 INFO o.a.j.JMeter: Loading user properties from: C:\Program Files\apache-jmeter-5.6.3\bin\user.properties
2025-11-07 17:54:42,479 INFO o.a.j.JMeter: Loading system properties from: C:\Program Files\apache-jmeter-5.6.3\bin\system.properties
2025-11-07 17:54:42,483 INFO o.a.j.JMeter: Copyright (c) 1998-2024 The Apache Software Foundation
2025-11-07 17:54:42,483 INFO o.a.j.JMeter: Version 5.6.3
2025-11-07 17:54:42,483 INFO o.a.j.JMeter: java.version=21.0.9
2025-11-07 17:54:42,483 INFO o.a.j.JMeter: java.vm.name=Java HotSpot(TM) 64-Bit Server VM
2025-11-07 17:54:42,483 INFO o.a.j.JMeter: os.name=Windows 11
2025-11-07 17:54:42,483 INFO o.a.j.JMeter: os.arch=amd64
2025-11-07 17:54:42,483 INFO o.a.j.JMeter: os.version=10.0
2025-11-07 17:54:42,483 INFO o.a.j.JMeter: file.encoding=UTF-8
2025-11-07 17:54:42,483 INFO o.a.j.JMeter: java.awt.headless=true
2025-11-07 17:54:42,483 INFO o.a.j.JMeter: Max memory     =1073741824
2025-11-07 17:54:42,484 INFO o.a.j.JMeter: Available Processors =6
2025-11-07 17:54:42,491 INFO o.a.j.JMeter: Default Locale=English (EN)
2025-11-07 17:54:42,491 INFO o.a.j.JMeter: JMeter  Locale=English (EN)
2025-11-07 17:54:42,491 INFO o.a.j.JMeter: JMeterHome=C:\Program Files\apache-jmeter-5.6.3
2025-11-07 17:54:42,491 INFO o.a.j.JMeter: user.dir  =E:\QAcartTest
2025-11-07 17:54:42,491 INFO o.a.j.JMeter: PWD       =E:\QAcartTest
2025-11-07 17:54:47,435 INFO o.a.j.JMeter: IP: 192.168.56.1 Name: DESKTOP-TQ63IJ6 FullName: DESKTOP-TQ63IJ6
2025-11-07 17:54:47,445 INFO o.a.j.JMeter: Setting property 'jmeter.reportgenerator.outputdir' to:'E:\QAcartTest\load_testing_report'
2025-11-07 17:54:47,445 INFO o.a.j.s.FileServer: Default base='E:\QAcartTest'
2025-11-07 17:54:47,448 INFO o.a.j.s.FileServer: Set new base='E:\QAcartTest'
2025-11-07 17:54:47,579 INFO o.a.j.s.SaveService: Testplan (JMX) version: 2.2. Testlog (JTL) version: 2.2
2025-11-07 17:54:47,611 INFO o.a.j.s.SaveService: Using SaveService properties version 5.0
2025-11-07 17:54:47,611 INFO o.a.j.s.SaveService: Using SaveService properties file encoding UTF-8
2025-11-07 17:54:47,617 INFO o.a.j.s.SaveService: Loading file: Performance_testing_project.jmx
2025-11-07 17:54:47,663 INFO o.a.j.p.h.s.HTTPSamplerBase: Parser for text/html is org.apache.jmeter.protocol.http.parser.LagartoBasedHtmlParser
2025-11-07 17:54:47,663 INFO o.a.j.p.h.s.HTTPSamplerBase: Parser for application/xhtml+xml is org.apache.jmeter.protocol.http.parser.LagartoBasedHtmlParser
2025-11-07 17:54:47,663 INFO o.a.j.p.h.s.HTTPSamplerBase: Parser for application/xml is org.apache.jmeter.protocol.http.parser.LagartoBasedHtmlParser
2025-11-07 17:54:47,663 INFO o.a.j.p.h.s.HTTPSamplerBase: Parser for text/xml is org.apache.jmeter.protocol.http.parser.LagartoBasedHtmlParser
2025-11-07 17:54:47,663 INFO o.a.j.p.h.s.HTTPSamplerBase: Parser for text/vnd.wap.wml is org.apache.jmeter.protocol.http.parser.RegexpHTMLParser
2025-11-07 17:54:47,663 INFO o.a.j.p.h.s.HTTPSamplerBase: Parser for text/css is org.apache.jmeter.protocol.http.parser.CssParser
2025-11-07 17:54:47,688 INFO o.a.j.JMeter: Creating summariser <summary>
2025-11-07 17:54:47,688 INFO o.a.j.r.d.ReportGenerator: ReportGenerator will use for Parsing the separator: ','
2025-11-07 17:54:47,688 INFO o.a.j.r.d.ReportGenerator: Will generate report at end of test from  results file: result.csv
2025-11-07 17:54:47,688 INFO o.a.j.r.d.ReportGenerator: Reading report generator properties from: C:\Program Files\apache-jmeter-5.6.3\bin\reportgenerator.properties
2025-11-07 17:54:47,688 INFO o.a.j.r.d.ReportGenerator: Merging with JMeter properties
2025-11-07 17:54:47,704 INFO o.a.j.r.c.ReportGeneratorConfiguration: Property 'jmeter.reportgenerator.temp_dir' not found, using default value 'temp' instead.
2025-11-07 17:54:47,704 INFO o.a.j.r.c.ReportGeneratorConfiguration: Property 'jmeter.reportgenerator.apdex_per_transaction' not found, using default value 'null' instead.
2025-11-07 17:54:47,704 INFO o.a.j.r.c.ReportGeneratorConfiguration: apdex_per_transaction is empty, not APDEX per transaction customization
2025-11-07 17:54:47,707 INFO o.a.j.r.c.ReportGeneratorConfiguration: Property 'jmeter.reportgenerator.sample_filter' not found, using default value 'null' instead.
2025-11-07 17:54:47,707 INFO o.a.j.r.c.ReportGeneratorConfiguration: Property 'jmeter.reportgenerator.report_title' not found, using default value 'null' instead.
2025-11-07 17:54:47,707 INFO o.a.j.r.c.ReportGeneratorConfiguration: Property 'jmeter.reportgenerator.start_date' not found, using default value 'null' instead.
2025-11-07 17:54:47,707 INFO o.a.j.r.c.ReportGeneratorConfiguration: Property 'jmeter.reportgenerator.end_date' not found, using default value 'null' instead.
2025-11-07 17:54:47,707 INFO o.a.j.r.c.ReportGeneratorConfiguration: Property 'jmeter.reportgenerator.date_format' not found, using default value 'null' instead.
2025-11-07 17:54:47,707 INFO o.a.j.r.c.ReportGeneratorConfiguration: Will use date range start date: null, end date: null
2025-11-07 17:54:47,707 INFO o.a.j.r.c.ReportGeneratorConfiguration: Property 'jmeter.reportgenerator.graph.totalTPS.exclude_controllers' not found, using default value 'false' instead.
2025-11-07 17:54:47,707 INFO o.a.j.r.c.ReportGeneratorConfiguration: Property 'jmeter.reportgenerator.graph.activeThreadsOverTime.exclude_controllers' not found, using default value 'false' instead.
2025-11-07 17:54:47,707 INFO o.a.j.r.c.ReportGeneratorConfiguration: Property 'jmeter.reportgenerator.graph.timeVsThreads.exclude_controllers' not found, using default value 'false' instead.
2025-11-07 17:54:47,707 INFO o.a.j.r.c.ReportGeneratorConfiguration: Property 'jmeter.reportgenerator.graph.responseTimeDistribution.exclude_controllers' not found, using default value 'false' instead.
2025-11-07 17:54:47,707 INFO o.a.j.r.c.ReportGeneratorConfiguration: Property 'jmeter.reportgenerator.graph.transactionsPerSecond.exclude_controllers' not found, using default value 'false' instead.
2025-11-07 17:54:47,707 INFO o.a.j.r.c.ReportGeneratorConfiguration: Property 'jmeter.reportgenerator.graph.responseTimePercentiles.exclude_controllers' not found, using default value 'false' instead.
2025-11-07 17:54:47,707 INFO o.a.j.r.c.ReportGeneratorConfiguration: Property 'jmeter.reportgenerator.graph.responseTimePercentilesOverTime.exclude_controllers' not found, using default value 'false' instead.
2025-11-07 17:54:47,707 INFO o.a.j.r.c.ReportGeneratorConfiguration: Property 'jmeter.reportgenerator.graph.responseTimesOverTime.exclude_controllers' not found, using default value 'false' instead.
2025-11-07 17:54:47,707 INFO o.a.j.r.c.ReportGeneratorConfiguration: Property 'jmeter.reportgenerator.graph.connectTimeOverTime.exclude_controllers' not found, using default value 'false' instead.
2025-11-07 17:54:47,707 INFO o.a.j.r.c.ReportGeneratorConfiguration: Property 'jmeter.reportgenerator.graph.latenciesOverTime.exclude_controllers' not found, using default value 'false' instead.
2025-11-07 17:54:47,712 INFO o.a.j.r.c.ReportGeneratorConfiguration: Property 'jmeter.reportgenerator.exporter.json.filters_only_sample_series' not found, using default value 'true' instead.
2025-11-07 17:54:47,712 INFO o.a.j.r.c.ReportGeneratorConfiguration: Property 'jmeter.reportgenerator.exporter.json.series_filter' not found, using default value '' instead.
2025-11-07 17:54:47,712 INFO o.a.j.r.c.ReportGeneratorConfiguration: Property 'jmeter.reportgenerator.exporter.json.show_controllers_only' not found, using default value 'false' instead.
2025-11-07 17:54:47,712 INFO o.a.j.r.c.ReportGeneratorConfiguration: Property 'jmeter.reportgenerator.exporter.html.filters_only_sample_series' not found, using default value 'true' instead.
2025-11-07 17:54:47,712 INFO o.a.j.r.c.ReportGeneratorConfiguration: Property 'jmeter.reportgenerator.exporter.html.series_filter' not found, using default value '' instead.
2025-11-07 17:54:47,712 INFO o.a.j.r.c.ReportGeneratorConfiguration: Property 'jmeter.reportgenerator.exporter.html.show_controllers_only' not found, using default value 'false' instead.
2025-11-07 17:54:47,723 INFO o.a.j.e.StandardJMeterEngine: Running the test!
2025-11-07 17:54:47,723 INFO o.a.j.s.SampleEvent: List of sample_variables: []
2025-11-07 17:54:47,723 INFO o.a.j.s.SampleEvent: List of sample_variables: []
2025-11-07 17:54:47,726 INFO o.a.j.e.u.CompoundVariable: Note: Function class names must contain the string: '.functions.'
2025-11-07 17:54:47,726 INFO o.a.j.e.u.CompoundVariable: Note: Function class names must not contain the string: '.gui.'
2025-11-07 17:54:47,801 INFO o.a.j.JMeter: Running test (1762530887801)
2025-11-07 17:54:47,819 INFO o.a.j.e.StandardJMeterEngine: Starting ThreadGroup: 1 : Thread Group
2025-11-07 17:54:47,819 INFO o.a.j.e.StandardJMeterEngine: Starting 20 threads for group Thread Group.
2025-11-07 17:54:47,819 INFO o.a.j.e.StandardJMeterEngine: Thread will continue on error
2025-11-07 17:54:47,819 INFO o.a.j.t.ThreadGroup: Starting thread group... number=1 threads=20 ramp-up=1 delayedStart=false
2025-11-07 17:54:47,840 INFO o.a.j.t.ThreadGroup: Started thread group number 1
2025-11-07 17:54:47,840 INFO o.a.j.e.StandardJMeterEngine: All thread groups have been started
2025-11-07 17:54:47,872 INFO o.a.j.t.JMeterThread: Thread started: Thread Group 1-1
2025-11-07 17:54:47,887 INFO o.a.j.p.h.s.HTTPHCAbstractImpl: Local host = DESKTOP-TQ63IJ6
2025-11-07 17:54:47,894 INFO o.a.j.p.h.s.HTTPHC4Impl: HTTP request retry count = 0
2025-11-07 17:54:47,895 INFO o.a.j.s.SampleResult: Note: Sample TimeStamps are START times
2025-11-07 17:54:47,895 INFO o.a.j.s.SampleResult: sampleresult.default.encoding is set to UTF-8
2025-11-07 17:54:47,895 INFO o.a.j.s.SampleResult: sampleresult.useNanoTime=true
2025-11-07 17:54:47,895 INFO o.a.j.s.SampleResult: sampleresult.nanoThreadSleep=5000
2025-11-07 17:54:47,923 INFO o.a.j.t.JMeterThread: Thread started: Thread Group 1-2
2025-11-07 17:54:47,965 INFO o.a.j.t.JMeterThread: Thread started: Thread Group 1-3
2025-11-07 17:54:48,015 INFO o.a.j.t.JMeterThread: Thread started: Thread Group 1-4
2025-11-07 17:54:48,063 INFO o.a.j.t.JMeterThread: Thread started: Thread Group 1-5
2025-11-07 17:54:48,078 INFO o.a.j.p.h.s.h.LazyLayeredConnectionSocketFactory: Setting up HTTPS TrustAll Socket Factory
2025-11-07 17:54:48,082 INFO o.a.j.u.JsseSSLManager: Using default SSL protocol: TLS
2025-11-07 17:54:48,082 INFO o.a.j.u.JsseSSLManager: SSL session context: per-thread
2025-11-07 17:54:48,111 INFO o.a.j.t.JMeterThread: Thread started: Thread Group 1-6
2025-11-07 17:54:48,161 INFO o.a.j.t.JMeterThread: Thread started: Thread Group 1-7
2025-11-07 17:54:48,210 INFO o.a.j.t.JMeterThread: Thread started: Thread Group 1-8
2025-11-07 17:54:48,236 INFO o.a.j.u.SSLManager: JmeterKeyStore Location:  type JKS
2025-11-07 17:54:48,240 INFO o.a.j.u.SSLManager: KeyStore created OK
2025-11-07 17:54:48,240 WARN o.a.j.u.SSLManager: Keystore file not found, loading empty keystore
2025-11-07 17:54:48,260 INFO o.a.j.t.JMeterThread: Thread started: Thread Group 1-9
2025-11-07 17:54:48,309 INFO o.a.j.t.JMeterThread: Thread started: Thread Group 1-10
2025-11-07 17:54:48,359 INFO o.a.j.t.JMeterThread: Thread started: Thread Group 1-11
2025-11-07 17:54:48,408 INFO o.a.j.t.JMeterThread: Thread started: Thread Group 1-12
2025-11-07 17:54:48,457 INFO o.a.j.t.JMeterThread: Thread started: Thread Group 1-13
2025-11-07 17:54:48,507 INFO o.a.j.t.JMeterThread: Thread started: Thread Group 1-14
2025-11-07 17:54:48,556 INFO o.a.j.t.JMeterThread: Thread started: Thread Group 1-15
2025-11-07 17:54:48,605 INFO o.a.j.t.JMeterThread: Thread started: Thread Group 1-16
2025-11-07 17:54:48,655 INFO o.a.j.t.JMeterThread: Thread started: Thread Group 1-17
2025-11-07 17:54:48,703 INFO o.a.j.t.JMeterThread: Thread started: Thread Group 1-18
2025-11-07 17:54:48,753 INFO o.a.j.t.JMeterThread: Thread started: Thread Group 1-19
2025-11-07 17:54:48,816 INFO o.a.j.t.JMeterThread: Thread started: Thread Group 1-20
2025-11-07 17:54:50,951 INFO o.a.j.t.JMeterThread: Thread is done: Thread Group 1-5
2025-11-07 17:54:50,951 INFO o.a.j.t.JMeterThread: Thread finished: Thread Group 1-5
2025-11-07 17:54:51,015 INFO o.a.j.t.JMeterThread: Thread is done: Thread Group 1-8
2025-11-07 17:54:51,015 INFO o.a.j.t.JMeterThread: Thread finished: Thread Group 1-8
2025-11-07 17:54:51,015 INFO o.a.j.t.JMeterThread: Thread is done: Thread Group 1-7
2025-11-07 17:54:51,015 INFO o.a.j.t.JMeterThread: Thread is done: Thread Group 1-6
2025-11-07 17:54:51,015 INFO o.a.j.t.JMeterThread: Thread finished: Thread Group 1-7
2025-11-07 17:54:51,015 INFO o.a.j.t.JMeterThread: Thread finished: Thread Group 1-6
2025-11-07 17:54:51,021 INFO o.a.j.t.JMeterThread: Thread is done: Thread Group 1-1
2025-11-07 17:54:51,021 INFO o.a.j.t.JMeterThread: Thread finished: Thread Group 1-1
2025-11-07 17:54:51,021 INFO o.a.j.t.JMeterThread: Thread is done: Thread Group 1-10
2025-11-07 17:54:51,021 INFO o.a.j.t.JMeterThread: Thread finished: Thread Group 1-10
2025-11-07 17:54:51,021 INFO o.a.j.t.JMeterThread: Thread is done: Thread Group 1-9
2025-11-07 17:54:51,021 INFO o.a.j.t.JMeterThread: Thread finished: Thread Group 1-9
2025-11-07 17:54:51,021 INFO o.a.j.t.JMeterThread: Thread is done: Thread Group 1-13
2025-11-07 17:54:51,021 INFO o.a.j.t.JMeterThread: Thread is done: Thread Group 1-11
2025-11-07 17:54:51,025 INFO o.a.j.t.JMeterThread: Thread finished: Thread Group 1-13
2025-11-07 17:54:51,025 INFO o.a.j.t.JMeterThread: Thread finished: Thread Group 1-11
2025-11-07 17:54:51,041 INFO o.a.j.t.JMeterThread: Thread is done: Thread Group 1-12
2025-11-07 17:54:51,041 INFO o.a.j.t.JMeterThread: Thread finished: Thread Group 1-12
2025-11-07 17:54:51,043 INFO o.a.j.t.JMeterThread: Thread is done: Thread Group 1-14
2025-11-07 17:54:51,043 INFO o.a.j.t.JMeterThread: Thread finished: Thread Group 1-14
2025-11-07 17:54:51,044 INFO o.a.j.t.JMeterThread: Thread is done: Thread Group 1-4
2025-11-07 17:54:51,044 INFO o.a.j.t.JMeterThread: Thread finished: Thread Group 1-4
2025-11-07 17:54:51,048 INFO o.a.j.t.JMeterThread: Thread is done: Thread Group 1-2
2025-11-07 17:54:51,048 INFO o.a.j.t.JMeterThread: Thread finished: Thread Group 1-2
2025-11-07 17:54:51,154 INFO o.a.j.t.JMeterThread: Thread is done: Thread Group 1-16
2025-11-07 17:54:51,154 INFO o.a.j.t.JMeterThread: Thread finished: Thread Group 1-16
2025-11-07 17:54:51,154 INFO o.a.j.t.JMeterThread: Thread is done: Thread Group 1-17
2025-11-07 17:54:51,154 INFO o.a.j.t.JMeterThread: Thread finished: Thread Group 1-17
2025-11-07 17:54:51,154 INFO o.a.j.t.JMeterThread: Thread is done: Thread Group 1-15
2025-11-07 17:54:51,154 INFO o.a.j.t.JMeterThread: Thread finished: Thread Group 1-15
2025-11-07 17:54:51,219 INFO o.a.j.t.JMeterThread: Thread is done: Thread Group 1-18
2025-11-07 17:54:51,219 INFO o.a.j.t.JMeterThread: Thread finished: Thread Group 1-18
2025-11-07 17:54:51,219 INFO o.a.j.t.JMeterThread: Thread is done: Thread Group 1-19
2025-11-07 17:54:51,219 INFO o.a.j.t.JMeterThread: Thread finished: Thread Group 1-19
2025-11-07 17:54:51,250 INFO o.a.j.t.JMeterThread: Thread is done: Thread Group 1-3
2025-11-07 17:54:51,250 INFO o.a.j.t.JMeterThread: Thread is done: Thread Group 1-20
2025-11-07 17:54:51,261 INFO o.a.j.t.JMeterThread: Thread finished: Thread Group 1-3
2025-11-07 17:54:51,261 INFO o.a.j.t.JMeterThread: Thread finished: Thread Group 1-20
2025-11-07 17:54:51,261 INFO o.a.j.e.StandardJMeterEngine: Notifying test listeners of end of test
2025-11-07 17:54:51,261 INFO o.a.j.r.Summariser: summary =    100 in 00:00:03 =   28.9/s Avg:   548 Min:    94 Max:  2317 Err:     0 (0.00%)
2025-11-07 17:54:51,261 INFO o.a.j.JMeter: Generating Dashboard
2025-11-07 17:54:51,261 INFO o.a.j.r.d.ReportGenerator: Flushing result collector before report Generation
2025-11-07 17:54:51,278 INFO o.a.j.r.p.NormalizerSampleConsumer: Using format, 'ms', to parse timeStamp field
2025-11-07 17:54:51,341 INFO o.a.j.r.p.AbstractSampleConsumer: class org.apache.jmeter.report.processor.AggregateConsumer#stopProducing(): beginDate produced 0 samples
2025-11-07 17:54:51,356 INFO o.a.j.r.p.AbstractSampleConsumer: class org.apache.jmeter.report.processor.AggregateConsumer#stopProducing(): endDate produced 0 samples
2025-11-07 17:54:51,356 INFO o.a.j.r.p.AbstractSampleConsumer: class org.apache.jmeter.report.processor.ApdexSummaryConsumer#stopProducing(): apdexSummary produced 0 samples
2025-11-07 17:54:51,356 INFO o.a.j.r.p.AbstractSampleConsumer: class org.apache.jmeter.report.processor.RequestsSummaryConsumer#stopProducing(): requestsSummary produced 0 samples
2025-11-07 17:54:51,356 INFO o.a.j.r.p.AbstractSampleConsumer: class org.apache.jmeter.report.processor.StatisticsSummaryConsumer#stopProducing(): statisticsSummary produced 0 samples
2025-11-07 17:54:51,356 INFO o.a.j.r.p.AbstractSampleConsumer: class org.apache.jmeter.report.processor.Top5ErrorsBySamplerConsumer#stopProducing(): top5ErrorsBySampler produced 0 samples
2025-11-07 17:54:51,356 INFO o.a.j.r.p.AbstractSampleConsumer: class org.apache.jmeter.report.processor.ErrorsSummaryConsumer#stopProducing(): errorsSummary produced 0 samples
2025-11-07 17:54:51,356 INFO o.a.j.r.p.AbstractSampleConsumer: class org.apache.jmeter.report.processor.graph.impl.HitsPerSecondGraphConsumer#stopProducing(): hitsPerSecond produced 0 samples
2025-11-07 17:54:51,388 INFO o.a.j.r.p.AbstractSampleConsumer: class org.apache.jmeter.report.processor.graph.impl.LatencyVSRequestGraphConsumer#stopProducing(): latencyVsRequest produced 0 samples
2025-11-07 17:54:51,388 INFO o.a.j.r.p.AbstractSampleConsumer: class org.apache.jmeter.report.processor.graph.impl.SyntheticResponseTimeDistributionGraphConsumer#stopProducing(): syntheticResponseTimeDistribution produced 0 samples
2025-11-07 17:54:51,388 INFO o.a.j.r.p.AbstractSampleConsumer: class org.apache.jmeter.report.processor.graph.impl.BytesThroughputGraphConsumer#stopProducing(): bytesThroughputOverTime produced 0 samples
2025-11-07 17:54:51,388 INFO o.a.j.r.p.AbstractSampleConsumer: class org.apache.jmeter.report.processor.graph.impl.CodesPerSecondGraphConsumer#stopProducing(): codesPerSecond produced 0 samples
2025-11-07 17:54:51,404 INFO o.a.j.r.p.AbstractSampleConsumer: class org.apache.jmeter.report.processor.graph.impl.ResponseTimeVSRequestGraphConsumer#stopProducing(): responseTimeVsRequest produced 0 samples
2025-11-07 17:54:51,404 INFO o.a.j.r.p.AbstractSampleConsumer: class org.apache.jmeter.report.processor.FilterConsumer#stopProducing(): startIntervalControlerFilter produced 700 samples
2025-11-07 17:54:51,404 INFO o.a.j.r.p.AbstractSampleConsumer: class org.apache.jmeter.report.processor.graph.impl.TotalTPSGraphConsumer#stopProducing(): totalTPS produced 0 samples
2025-11-07 17:54:51,404 INFO o.a.j.r.p.AbstractSampleConsumer: class org.apache.jmeter.report.processor.graph.impl.ActiveThreadsGraphConsumer#stopProducing(): activeThreadsOverTime produced 0 samples
2025-11-07 17:54:51,404 INFO o.a.j.r.p.AbstractSampleConsumer: class org.apache.jmeter.report.processor.graph.impl.TimeVSThreadGraphConsumer#stopProducing(): timeVsThreads produced 0 samples
2025-11-07 17:54:51,404 INFO o.a.j.r.p.AbstractSampleConsumer: class org.apache.jmeter.report.processor.graph.impl.ResponseTimeDistributionGraphConsumer#stopProducing(): responseTimeDistribution produced 0 samples
2025-11-07 17:54:51,404 INFO o.a.j.r.p.AbstractSampleConsumer: class org.apache.jmeter.report.processor.graph.impl.TransactionsPerSecondGraphConsumer#stopProducing(): transactionsPerSecond produced 0 samples
2025-11-07 17:54:51,404 INFO o.a.j.r.p.AbstractSampleConsumer: class org.apache.jmeter.report.processor.graph.impl.ResponseTimePercentilesGraphConsumer#stopProducing(): responseTimePercentiles produced 0 samples
2025-11-07 17:54:51,404 INFO o.a.j.r.p.AbstractSampleConsumer: class org.apache.jmeter.report.processor.graph.impl.ResponseTimePercentilesOverTimeGraphConsumer#stopProducing(): responseTimePercentilesOverTime produced 0 samples
2025-11-07 17:54:51,404 INFO o.a.j.r.p.AbstractSampleConsumer: class org.apache.jmeter.report.processor.graph.impl.ResponseTimeOverTimeGraphConsumer#stopProducing(): responseTimesOverTime produced 0 samples
2025-11-07 17:54:51,404 INFO o.a.j.r.p.AbstractSampleConsumer: class org.apache.jmeter.report.processor.graph.impl.ConnectTimeOverTimeGraphConsumer#stopProducing(): connectTimeOverTime produced 0 samples
2025-11-07 17:54:51,404 INFO o.a.j.r.p.AbstractSampleConsumer: class org.apache.jmeter.report.processor.graph.impl.LatencyOverTimeGraphConsumer#stopProducing(): latenciesOverTime produced 0 samples
2025-11-07 17:54:51,404 INFO o.a.j.r.p.AbstractSampleConsumer: class org.apache.jmeter.report.processor.FilterConsumer#stopProducing(): nameFilter produced 1500 samples
2025-11-07 17:54:51,404 INFO o.a.j.r.p.AbstractSampleConsumer: class org.apache.jmeter.report.processor.FilterConsumer#stopProducing(): dateRangeFilter produced 300 samples
2025-11-07 17:54:51,404 INFO o.a.j.r.p.AbstractSampleConsumer: class org.apache.jmeter.report.processor.NormalizerSampleConsumer#stopProducing(): normalizer produced 100 samples
2025-11-07 17:54:51,404 INFO o.a.j.r.p.CsvFileSampleSource: produce(): 100 samples produced in 110ms on channel 0
2025-11-07 17:54:51,404 INFO o.a.j.r.d.ReportGenerator: Exporting data using exporter:'json' of className:'org.apache.jmeter.report.dashboard.JsonExporter'
2025-11-07 17:54:51,461 INFO o.a.j.r.d.JsonExporter: Found data for consumer statisticsSummary in context
2025-11-07 17:54:51,461 INFO o.a.j.r.d.JsonExporter: Creating statistics for overall
2025-11-07 17:54:51,461 INFO o.a.j.r.d.JsonExporter: Creating statistics for other transactions
2025-11-07 17:54:51,461 INFO o.a.j.r.d.JsonExporter: Checking output folder
2025-11-07 17:54:51,461 INFO o.a.j.r.d.JsonExporter: Writing statistics JSON to E:\QAcartTest\load_testing_report\statistics.json
2025-11-07 17:54:51,504 INFO o.a.j.r.d.ReportGenerator: Exporting data using exporter:'html' of className:'org.apache.jmeter.report.dashboard.HtmlTemplateExporter'
2025-11-07 17:54:51,504 INFO o.a.j.r.d.HtmlTemplateExporter: Will generate dashboard in folder: E:\QAcartTest\load_testing_report
2025-11-07 17:54:51,611 INFO o.a.j.r.d.HtmlTemplateExporter: Report will be generated in: E:\QAcartTest\load_testing_report, creating folder structure
2025-11-07 17:54:51,611 INFO o.a.j.r.d.TemplateVisitor: Copying folder from 'C:\Program Files\apache-jmeter-5.6.3\bin\report-template' to 'E:\QAcartTest\load_testing_report', got message: E:\QAcartTest\load_testing_report, found non empty folder with following content [E:\QAcartTest\load_testing_report\statistics.json], will be ignored
2025-11-07 17:54:51,893 INFO o.a.j.JMeter: Dashboard generated
